2020-09-03 04:32:04,457 [Worker-5: Loading available Gradle versions] INFO  o.e.b.c.i.u.g.PublishedGradleVersions - Gradle version information cache is out-of-date. Trying to update.
2020-09-03 04:36:20,256 [Worker-6: Import Getting Started Content] INFO  o.e.m.c.i.l.LifecycleMappingFactory - Using org.eclipse.m2e.jdt.JarLifecycleMapping lifecycle mapping for MavenProject: com.demo:CustomerCRUDBackend:0.0.1-SNAPSHOT @ D:\Coding Workspace\angular workspace\CustomerCRUDBackend\pom.xml.
2020-09-03 04:36:22,653 [Worker-6: Import Getting Started Content] INFO  o.e.m.c.i.e.AbstractTransferListenerAdapter - Downloading https://repo.maven.apache.org/maven2/org/springframework/boot/spring-boot-starter-data-rest/2.3.3.RELEASE/spring-boot-starter-data-rest-2.3.3.RELEASE.pom
2020-09-03 04:36:23,061 [Worker-6: Import Getting Started Content] INFO  o.e.m.c.i.e.AbstractTransferListenerAdapter - Downloaded https://repo.maven.apache.org/maven2/org/springframework/boot/spring-boot-starter-data-rest/2.3.3.RELEASE/spring-boot-starter-data-rest-2.3.3.RELEASE.pom
2020-09-03 04:36:23,564 [Worker-6: Import Getting Started Content] INFO  o.e.m.c.i.e.AbstractTransferListenerAdapter - Downloading https://repo.maven.apache.org/maven2/org/springframework/data/spring-data-rest-webmvc/3.3.3.RELEASE/spring-data-rest-webmvc-3.3.3.RELEASE.pom
2020-09-03 04:36:23,894 [Worker-6: Import Getting Started Content] INFO  o.e.m.c.i.e.AbstractTransferListenerAdapter - Downloaded https://repo.maven.apache.org/maven2/org/springframework/data/spring-data-rest-webmvc/3.3.3.RELEASE/spring-data-rest-webmvc-3.3.3.RELEASE.pom
2020-09-03 04:36:24,178 [Worker-6: Import Getting Started Content] INFO  o.e.m.c.i.e.AbstractTransferListenerAdapter - Downloading https://repo.maven.apache.org/maven2/org/springframework/data/spring-data-rest-parent/3.3.3.RELEASE/spring-data-rest-parent-3.3.3.RELEASE.pom
2020-09-03 04:36:24,440 [Worker-6: Import Getting Started Content] INFO  o.e.m.c.i.e.AbstractTransferListenerAdapter - Downloaded https://repo.maven.apache.org/maven2/org/springframework/data/spring-data-rest-parent/3.3.3.RELEASE/spring-data-rest-parent-3.3.3.RELEASE.pom
2020-09-03 04:36:24,791 [Worker-6: Import Getting Started Content] INFO  o.e.m.c.i.e.AbstractTransferListenerAdapter - Downloading https://repo.maven.apache.org/maven2/org/springframework/data/spring-data-rest-core/3.3.3.RELEASE/spring-data-rest-core-3.3.3.RELEASE.pom
2020-09-03 04:36:25,133 [Worker-6: Import Getting Started Content] INFO  o.e.m.c.i.e.AbstractTransferListenerAdapter - Downloaded https://repo.maven.apache.org/maven2/org/springframework/data/spring-data-rest-core/3.3.3.RELEASE/spring-data-rest-core-3.3.3.RELEASE.pom
2020-09-03 04:36:25,509 [Worker-6: Import Getting Started Content] INFO  o.e.m.c.i.e.AbstractTransferListenerAdapter - Downloading https://repo.maven.apache.org/maven2/org/springframework/hateoas/spring-hateoas/1.1.1.RELEASE/spring-hateoas-1.1.1.RELEASE.pom
2020-09-03 04:36:26,174 [Worker-6: Import Getting Started Content] INFO  o.e.m.c.i.e.AbstractTransferListenerAdapter - Downloaded https://repo.maven.apache.org/maven2/org/springframework/hateoas/spring-hateoas/1.1.1.RELEASE/spring-hateoas-1.1.1.RELEASE.pom
2020-09-03 04:36:26,532 [Worker-6: Import Getting Started Content] INFO  o.e.m.c.i.e.AbstractTransferListenerAdapter - Downloading https://repo.maven.apache.org/maven2/com/fasterxml/jackson/jackson-bom/2.11.0/jackson-bom-2.11.0.pom
2020-09-03 04:36:26,868 [Worker-6: Import Getting Started Content] INFO  o.e.m.c.i.e.AbstractTransferListenerAdapter - Downloaded https://repo.maven.apache.org/maven2/com/fasterxml/jackson/jackson-bom/2.11.0/jackson-bom-2.11.0.pom
2020-09-03 04:36:27,146 [Worker-6: Import Getting Started Content] INFO  o.e.m.c.i.e.AbstractTransferListenerAdapter - Downloading https://repo.maven.apache.org/maven2/org/jetbrains/kotlin/kotlin-bom/1.3.71/kotlin-bom-1.3.71.pom
2020-09-03 04:36:27,480 [Worker-6: Import Getting Started Content] INFO  o.e.m.c.i.e.AbstractTransferListenerAdapter - Downloaded https://repo.maven.apache.org/maven2/org/jetbrains/kotlin/kotlin-bom/1.3.71/kotlin-bom-1.3.71.pom
2020-09-03 04:36:27,760 [Worker-6: Import Getting Started Content] INFO  o.e.m.c.i.e.AbstractTransferListenerAdapter - Downloading https://repo.maven.apache.org/maven2/org/jetbrains/kotlinx/kotlinx-coroutines-bom/1.3.5/kotlinx-coroutines-bom-1.3.5.pom
2020-09-03 04:36:28,103 [Worker-6: Import Getting Started Content] INFO  o.e.m.c.i.e.AbstractTransferListenerAdapter - Downloaded https://repo.maven.apache.org/maven2/org/jetbrains/kotlinx/kotlinx-coroutines-bom/1.3.5/kotlinx-coroutines-bom-1.3.5.pom
2020-09-03 04:36:28,358 [Worker-6: Import Getting Started Content] INFO  o.e.m.c.i.e.AbstractTransferListenerAdapter - Downloading https://repo.maven.apache.org/maven2/org/springframework/plugin/spring-plugin-core/2.0.0.RELEASE/spring-plugin-core-2.0.0.RELEASE.pom
2020-09-03 04:36:28,696 [Worker-6: Import Getting Started Content] INFO  o.e.m.c.i.e.AbstractTransferListenerAdapter - Downloaded https://repo.maven.apache.org/maven2/org/springframework/plugin/spring-plugin-core/2.0.0.RELEASE/spring-plugin-core-2.0.0.RELEASE.pom
2020-09-03 04:36:28,991 [Worker-6: Import Getting Started Content] INFO  o.e.m.c.i.e.AbstractTransferListenerAdapter - Downloading https://repo.maven.apache.org/maven2/org/springframework/plugin/spring-plugin/2.0.0.RELEASE/spring-plugin-2.0.0.RELEASE.pom
2020-09-03 04:36:29,306 [Worker-6: Import Getting Started Content] INFO  o.e.m.c.i.e.AbstractTransferListenerAdapter - Downloaded https://repo.maven.apache.org/maven2/org/springframework/plugin/spring-plugin/2.0.0.RELEASE/spring-plugin-2.0.0.RELEASE.pom
2020-09-03 04:36:29,705 [Worker-6: Import Getting Started Content] INFO  o.e.m.c.i.e.AbstractTransferListenerAdapter - Downloading https://repo.maven.apache.org/maven2/org/atteo/evo-inflector/1.2.2/evo-inflector-1.2.2.pom
2020-09-03 04:36:30,023 [Worker-6: Import Getting Started Content] INFO  o.e.m.c.i.e.AbstractTransferListenerAdapter - Downloaded https://repo.maven.apache.org/maven2/org/atteo/evo-inflector/1.2.2/evo-inflector-1.2.2.pom
2020-09-03 04:36:30,322 [Worker-6: Import Getting Started Content] INFO  o.e.m.c.i.e.AbstractTransferListenerAdapter - Downloading https://repo.maven.apache.org/maven2/org/atteo/parent/1.14/parent-1.14.pom
2020-09-03 04:36:30,623 [Worker-6: Import Getting Started Content] INFO  o.e.m.c.i.e.AbstractTransferListenerAdapter - Downloaded https://repo.maven.apache.org/maven2/org/atteo/parent/1.14/parent-1.14.pom
2020-09-03 04:36:30,935 [Worker-6: Import Getting Started Content] INFO  o.e.m.c.i.e.AbstractTransferListenerAdapter - Downloading https://repo.maven.apache.org/maven2/mysql/mysql-connector-java/8.0.21/mysql-connector-java-8.0.21.pom
2020-09-03 04:36:31,286 [Worker-6: Import Getting Started Content] INFO  o.e.m.c.i.e.AbstractTransferListenerAdapter - Downloaded https://repo.maven.apache.org/maven2/mysql/mysql-connector-java/8.0.21/mysql-connector-java-8.0.21.pom
2020-09-03 04:36:31,770 [AetherRepositoryConnector-repo.maven.apache.org-0-2] INFO  o.e.m.c.i.e.AbstractTransferListenerAdapter - Downloading https://repo.maven.apache.org/maven2/org/springframework/data/spring-data-rest-core/3.3.3.RELEASE/spring-data-rest-core-3.3.3.RELEASE.jar
2020-09-03 04:36:32,527 [AetherRepositoryConnector-repo.maven.apache.org-0-3] INFO  o.e.m.c.i.e.AbstractTransferListenerAdapter - Downloading https://repo.maven.apache.org/maven2/org/springframework/hateoas/spring-hateoas/1.1.1.RELEASE/spring-hateoas-1.1.1.RELEASE.jar
2020-09-03 04:36:32,553 [AetherRepositoryConnector-repo.maven.apache.org-0-4] INFO  o.e.m.c.i.e.AbstractTransferListenerAdapter - Downloading https://repo.maven.apache.org/maven2/org/springframework/plugin/spring-plugin-core/2.0.0.RELEASE/spring-plugin-core-2.0.0.RELEASE.jar
2020-09-03 04:36:32,564 [AetherRepositoryConnector-repo.maven.apache.org-0-0] INFO  o.e.m.c.i.e.AbstractTransferListenerAdapter - Downloading https://repo.maven.apache.org/maven2/org/springframework/boot/spring-boot-starter-data-rest/2.3.3.RELEASE/spring-boot-starter-data-rest-2.3.3.RELEASE.jar
2020-09-03 04:36:32,577 [AetherRepositoryConnector-repo.maven.apache.org-0-1] INFO  o.e.m.c.i.e.AbstractTransferListenerAdapter - Downloading https://repo.maven.apache.org/maven2/org/springframework/data/spring-data-rest-webmvc/3.3.3.RELEASE/spring-data-rest-webmvc-3.3.3.RELEASE.jar
2020-09-03 04:36:32,583 [AetherRepositoryConnector-repo.maven.apache.org-0-2] INFO  o.e.m.c.i.e.AbstractTransferListenerAdapter - Downloaded https://repo.maven.apache.org/maven2/org/springframework/data/spring-data-rest-core/3.3.3.RELEASE/spring-data-rest-core-3.3.3.RELEASE.jar
2020-09-03 04:36:32,872 [AetherRepositoryConnector-repo.maven.apache.org-0-2] INFO  o.e.m.c.i.e.AbstractTransferListenerAdapter - Downloading https://repo.maven.apache.org/maven2/org/atteo/evo-inflector/1.2.2/evo-inflector-1.2.2.jar
2020-09-03 04:36:32,881 [AetherRepositoryConnector-repo.maven.apache.org-0-0] INFO  o.e.m.c.i.e.AbstractTransferListenerAdapter - Downloaded https://repo.maven.apache.org/maven2/org/springframework/boot/spring-boot-starter-data-rest/2.3.3.RELEASE/spring-boot-starter-data-rest-2.3.3.RELEASE.jar
2020-09-03 04:36:33,127 [AetherRepositoryConnector-repo.maven.apache.org-0-0] INFO  o.e.m.c.i.e.AbstractTransferListenerAdapter - Downloading https://repo.maven.apache.org/maven2/mysql/mysql-connector-java/8.0.21/mysql-connector-java-8.0.21.jar
2020-09-03 04:36:33,140 [AetherRepositoryConnector-repo.maven.apache.org-0-2] INFO  o.e.m.c.i.e.AbstractTransferListenerAdapter - Downloaded https://repo.maven.apache.org/maven2/org/atteo/evo-inflector/1.2.2/evo-inflector-1.2.2.jar
2020-09-03 04:36:33,150 [AetherRepositoryConnector-repo.maven.apache.org-0-4] INFO  o.e.m.c.i.e.AbstractTransferListenerAdapter - Downloaded https://repo.maven.apache.org/maven2/org/springframework/plugin/spring-plugin-core/2.0.0.RELEASE/spring-plugin-core-2.0.0.RELEASE.jar
2020-09-03 04:36:34,323 [AetherRepositoryConnector-repo.maven.apache.org-0-1] INFO  o.e.m.c.i.e.AbstractTransferListenerAdapter - Downloaded https://repo.maven.apache.org/maven2/org/springframework/data/spring-data-rest-webmvc/3.3.3.RELEASE/spring-data-rest-webmvc-3.3.3.RELEASE.jar
2020-09-03 04:36:34,547 [AetherRepositoryConnector-repo.maven.apache.org-0-3] INFO  o.e.m.c.i.e.AbstractTransferListenerAdapter - Downloaded https://repo.maven.apache.org/maven2/org/springframework/hateoas/spring-hateoas/1.1.1.RELEASE/spring-hateoas-1.1.1.RELEASE.jar
2020-09-03 04:36:35,762 [AetherRepositoryConnector-repo.maven.apache.org-0-0] INFO  o.e.m.c.i.e.AbstractTransferListenerAdapter - Downloaded https://repo.maven.apache.org/maven2/mysql/mysql-connector-java/8.0.21/mysql-connector-java-8.0.21.jar
2020-09-03 04:36:38,715 [Worker-6: Import Getting Started Content] INFO  o.e.m.c.i.l.LifecycleMappingFactory - Using org.eclipse.m2e.jdt.JarLifecycleMapping lifecycle mapping for MavenProject: com.demo:CustomerCRUDBackend:0.0.1-SNAPSHOT @ D:\Coding Workspace\angular workspace\CustomerCRUDBackend\pom.xml.
2020-09-03 04:36:40,958 [Worker-6: Import Getting Started Content] INFO  o.e.m.j.i.AbstractJavaProjectConfigurator - Adding source folder /CustomerCRUDBackend/src/main/java
2020-09-03 04:36:40,959 [Worker-6: Import Getting Started Content] INFO  o.e.m.j.i.AbstractJavaProjectConfigurator - Adding resource folder /CustomerCRUDBackend/src/main/resources
2020-09-03 04:36:40,970 [Worker-6: Import Getting Started Content] INFO  o.e.m.j.i.AbstractJavaProjectConfigurator - Adding resource folder /CustomerCRUDBackend/src/main/resources
2020-09-03 04:36:41,030 [Worker-6: Import Getting Started Content] INFO  o.e.m.j.i.AbstractJavaProjectConfigurator - Adding source folder /CustomerCRUDBackend/src/test/java
2020-09-03 04:36:43,632 [Worker-23: Download sources and javadoc] INFO  o.e.m.c.i.e.AbstractTransferListenerAdapter - Downloading https://repo.maven.apache.org/maven2/org/springframework/boot/spring-boot-starter-data-rest/2.3.3.RELEASE/spring-boot-starter-data-rest-2.3.3.RELEASE-sources.jar
2020-09-03 04:36:45,484 [Worker-23: Download sources and javadoc] INFO  o.e.m.c.i.e.AbstractTransferListenerAdapter - Downloaded https://repo.maven.apache.org/maven2/org/springframework/boot/spring-boot-starter-data-rest/2.3.3.RELEASE/spring-boot-starter-data-rest-2.3.3.RELEASE-sources.jar
2020-09-03 04:36:45,709 [Worker-23: Download sources and javadoc] INFO  o.e.m.j.internal.DownloadSourcesJob - Downloaded sources for org.springframework.boot:spring-boot-starter-data-rest:2.3.3.RELEASE
2020-09-03 04:36:47,115 [Worker-23: Download sources and javadoc] INFO  o.e.m.c.i.e.AbstractTransferListenerAdapter - Downloading https://repo.maven.apache.org/maven2/org/springframework/data/spring-data-rest-webmvc/3.3.3.RELEASE/spring-data-rest-webmvc-3.3.3.RELEASE-sources.jar
2020-09-03 04:36:48,286 [Worker-6: Import Getting Started Content] INFO  o.e.m.c.i.p.ProjectConfigurationManager - Imported and configured 1 project(s) in 32 sec
2020-09-03 04:36:48,291 [Worker-6: Import Getting Started Content] INFO  o.e.m.c.i.p.ProjectConfigurationManager - Update started
2020-09-03 04:36:48,555 [Worker-23: Download sources and javadoc] INFO  o.e.m.c.i.e.AbstractTransferListenerAdapter - Downloaded https://repo.maven.apache.org/maven2/org/springframework/data/spring-data-rest-webmvc/3.3.3.RELEASE/spring-data-rest-webmvc-3.3.3.RELEASE-sources.jar
2020-09-03 04:36:48,890 [Worker-23: Download sources and javadoc] INFO  o.e.m.j.internal.DownloadSourcesJob - Downloaded sources for org.springframework.data:spring-data-rest-webmvc:3.3.3.RELEASE
2020-09-03 04:36:49,188 [Worker-6: Import Getting Started Content] INFO  o.e.m.c.i.l.LifecycleMappingFactory - Using org.eclipse.m2e.jdt.JarLifecycleMapping lifecycle mapping for MavenProject: com.demo:CustomerCRUDBackend:0.0.1-SNAPSHOT @ D:\Coding Workspace\angular workspace\CustomerCRUDBackend\pom.xml.
2020-09-03 04:36:50,722 [Worker-23: Download sources and javadoc] INFO  o.e.m.c.i.e.AbstractTransferListenerAdapter - Downloading https://repo.maven.apache.org/maven2/org/springframework/data/spring-data-rest-core/3.3.3.RELEASE/spring-data-rest-core-3.3.3.RELEASE-sources.jar
2020-09-03 04:36:50,756 [Worker-6: Import Getting Started Content] INFO  o.e.m.j.i.AbstractJavaProjectConfigurator - Adding source folder /CustomerCRUDBackend/src/main/java
2020-09-03 04:36:50,758 [Worker-6: Import Getting Started Content] INFO  o.e.m.j.i.AbstractJavaProjectConfigurator - Adding resource folder /CustomerCRUDBackend/src/main/resources
2020-09-03 04:36:50,758 [Worker-6: Import Getting Started Content] INFO  o.e.m.j.i.AbstractJavaProjectConfigurator - Adding resource folder /CustomerCRUDBackend/src/main/resources
2020-09-03 04:36:50,759 [Worker-6: Import Getting Started Content] INFO  o.e.m.j.i.AbstractJavaProjectConfigurator - Adding source folder /CustomerCRUDBackend/src/test/java
2020-09-03 04:36:51,337 [Worker-6: Import Getting Started Content] INFO  o.e.m.c.i.p.ProjectConfigurationManager - Update completed: 3 sec
2020-09-03 04:36:51,887 [Worker-23: Download sources and javadoc] INFO  o.e.m.c.i.e.AbstractTransferListenerAdapter - Downloaded https://repo.maven.apache.org/maven2/org/springframework/data/spring-data-rest-core/3.3.3.RELEASE/spring-data-rest-core-3.3.3.RELEASE-sources.jar
2020-09-03 04:36:53,412 [Worker-23: Download sources and javadoc] INFO  o.e.m.j.internal.DownloadSourcesJob - Downloaded sources for org.springframework.data:spring-data-rest-core:3.3.3.RELEASE
2020-09-03 04:36:55,409 [Worker-23: Download sources and javadoc] INFO  o.e.m.c.i.e.AbstractTransferListenerAdapter - Downloading https://repo.maven.apache.org/maven2/org/springframework/hateoas/spring-hateoas/1.1.1.RELEASE/spring-hateoas-1.1.1.RELEASE-sources.jar
2020-09-03 04:36:57,431 [Worker-23: Download sources and javadoc] INFO  o.e.m.c.i.e.AbstractTransferListenerAdapter - Downloaded https://repo.maven.apache.org/maven2/org/springframework/hateoas/spring-hateoas/1.1.1.RELEASE/spring-hateoas-1.1.1.RELEASE-sources.jar
2020-09-03 04:36:57,808 [Worker-23: Download sources and javadoc] INFO  o.e.m.j.internal.DownloadSourcesJob - Downloaded sources for org.springframework.hateoas:spring-hateoas:1.1.1.RELEASE
2020-09-03 04:36:58,989 [Worker-23: Download sources and javadoc] INFO  o.e.m.c.i.e.AbstractTransferListenerAdapter - Downloading https://repo.maven.apache.org/maven2/org/springframework/plugin/spring-plugin-core/2.0.0.RELEASE/spring-plugin-core-2.0.0.RELEASE-sources.jar
2020-09-03 04:36:59,494 [Worker-23: Download sources and javadoc] INFO  o.e.m.c.i.e.AbstractTransferListenerAdapter - Downloaded https://repo.maven.apache.org/maven2/org/springframework/plugin/spring-plugin-core/2.0.0.RELEASE/spring-plugin-core-2.0.0.RELEASE-sources.jar
2020-09-03 04:36:59,729 [Worker-23: Download sources and javadoc] INFO  o.e.m.j.internal.DownloadSourcesJob - Downloaded sources for org.springframework.plugin:spring-plugin-core:2.0.0.RELEASE
2020-09-03 04:37:00,787 [Worker-23: Download sources and javadoc] INFO  o.e.m.c.i.e.AbstractTransferListenerAdapter - Downloading https://repo.maven.apache.org/maven2/org/atteo/evo-inflector/1.2.2/evo-inflector-1.2.2-sources.jar
2020-09-03 04:37:01,063 [Worker-23: Download sources and javadoc] INFO  o.e.m.c.i.e.AbstractTransferListenerAdapter - Downloaded https://repo.maven.apache.org/maven2/org/atteo/evo-inflector/1.2.2/evo-inflector-1.2.2-sources.jar
2020-09-03 04:37:01,283 [Worker-23: Download sources and javadoc] INFO  o.e.m.j.internal.DownloadSourcesJob - Downloaded sources for org.atteo:evo-inflector:1.2.2
2020-09-03 04:37:02,322 [Worker-23: Download sources and javadoc] INFO  o.e.m.c.i.e.AbstractTransferListenerAdapter - Downloading https://repo.maven.apache.org/maven2/mysql/mysql-connector-java/8.0.21/mysql-connector-java-8.0.21-sources.jar
2020-09-03 04:37:05,609 [Worker-23: Download sources and javadoc] INFO  o.e.m.c.i.e.AbstractTransferListenerAdapter - Downloaded https://repo.maven.apache.org/maven2/mysql/mysql-connector-java/8.0.21/mysql-connector-java-8.0.21-sources.jar
2020-09-03 04:37:07,018 [Worker-23: Download sources and javadoc] INFO  o.e.m.j.internal.DownloadSourcesJob - Downloaded sources for mysql:mysql-connector-java:8.0.21
2020-09-03 04:37:07,027 [Worker-23: Download sources and javadoc] INFO  o.e.m.j.internal.DownloadSourcesJob - Downloaded sources for org.springframework.boot:spring-boot-starter-data-rest:2.3.3.RELEASE
2020-09-03 04:37:07,037 [Worker-23: Download sources and javadoc] INFO  o.e.m.j.internal.DownloadSourcesJob - Downloaded sources for org.springframework.data:spring-data-rest-webmvc:3.3.3.RELEASE
2020-09-03 04:37:07,043 [Worker-23: Download sources and javadoc] INFO  o.e.m.j.internal.DownloadSourcesJob - Downloaded sources for org.springframework.data:spring-data-rest-core:3.3.3.RELEASE
2020-09-03 04:37:07,048 [Worker-23: Download sources and javadoc] INFO  o.e.m.j.internal.DownloadSourcesJob - Downloaded sources for org.springframework.hateoas:spring-hateoas:1.1.1.RELEASE
2020-09-03 04:37:07,055 [Worker-23: Download sources and javadoc] INFO  o.e.m.j.internal.DownloadSourcesJob - Downloaded sources for org.springframework.plugin:spring-plugin-core:2.0.0.RELEASE
2020-09-03 04:37:07,062 [Worker-23: Download sources and javadoc] INFO  o.e.m.j.internal.DownloadSourcesJob - Downloaded sources for org.atteo:evo-inflector:1.2.2
2020-09-03 04:37:07,070 [Worker-23: Download sources and javadoc] INFO  o.e.m.j.internal.DownloadSourcesJob - Downloaded sources for mysql:mysql-connector-java:8.0.21
2020-09-03 04:37:07,075 [Worker-23: Download sources and javadoc] INFO  o.e.m.j.internal.DownloadSourcesJob - Downloaded sources for org.springframework.data:spring-data-rest-core:3.3.3.RELEASE
2020-09-03 04:37:07,081 [Worker-23: Download sources and javadoc] INFO  o.e.m.j.internal.DownloadSourcesJob - Downloaded sources for org.springframework.hateoas:spring-hateoas:1.1.1.RELEASE
2020-09-03 04:37:07,088 [Worker-23: Download sources and javadoc] INFO  o.e.m.j.internal.DownloadSourcesJob - Downloaded sources for org.springframework.plugin:spring-plugin-core:2.0.0.RELEASE
2020-09-03 04:37:07,094 [Worker-23: Download sources and javadoc] INFO  o.e.m.j.internal.DownloadSourcesJob - Downloaded sources for org.atteo:evo-inflector:1.2.2
2020-09-03 04:37:07,099 [Worker-23: Download sources and javadoc] INFO  o.e.m.j.internal.DownloadSourcesJob - Downloaded sources for mysql:mysql-connector-java:8.0.21
2020-09-03 04:37:07,106 [Worker-23: Download sources and javadoc] INFO  o.e.m.j.internal.DownloadSourcesJob - Downloaded sources for org.springframework.data:spring-data-rest-core:3.3.3.RELEASE
2020-09-03 04:37:07,112 [Worker-23: Download sources and javadoc] INFO  o.e.m.j.internal.DownloadSourcesJob - Downloaded sources for org.springframework.hateoas:spring-hateoas:1.1.1.RELEASE
2020-09-03 04:37:07,118 [Worker-23: Download sources and javadoc] INFO  o.e.m.j.internal.DownloadSourcesJob - Downloaded sources for org.springframework.plugin:spring-plugin-core:2.0.0.RELEASE
2020-09-03 04:37:07,124 [Worker-23: Download sources and javadoc] INFO  o.e.m.j.internal.DownloadSourcesJob - Downloaded sources for org.atteo:evo-inflector:1.2.2
2020-09-03 04:37:07,129 [Worker-23: Download sources and javadoc] INFO  o.e.m.j.internal.DownloadSourcesJob - Downloaded sources for mysql:mysql-connector-java:8.0.21
2020-09-03 04:41:00,349 [Worker-4: Loading available Gradle versions] INFO  o.e.b.c.i.u.g.PublishedGradleVersions - Gradle version information cache is up-to-date. Trying to read.
2020-09-03 04:44:01,799 [Worker-15: Import Getting Started Content] INFO  o.e.m.c.i.l.LifecycleMappingFactory - Using org.eclipse.m2e.jdt.JarLifecycleMapping lifecycle mapping for MavenProject: com.demo:CustomerCRUDBackend:0.0.1-SNAPSHOT @ D:\Coding Workspace\angular workspace\CustomerCRUDBackend\pom.xml.
2020-09-03 04:44:03,401 [Worker-15: Import Getting Started Content] INFO  o.e.m.j.i.AbstractJavaProjectConfigurator - Adding source folder /CustomerCRUDBackend/src/main/java
2020-09-03 04:44:03,402 [Worker-15: Import Getting Started Content] INFO  o.e.m.j.i.AbstractJavaProjectConfigurator - Adding resource folder /CustomerCRUDBackend/src/main/resources
2020-09-03 04:44:03,407 [Worker-15: Import Getting Started Content] INFO  o.e.m.j.i.AbstractJavaProjectConfigurator - Adding resource folder /CustomerCRUDBackend/src/main/resources
2020-09-03 04:44:03,419 [Worker-15: Import Getting Started Content] INFO  o.e.m.j.i.AbstractJavaProjectConfigurator - Adding source folder /CustomerCRUDBackend/src/test/java
2020-09-03 04:44:03,799 [Worker-15: Import Getting Started Content] INFO  o.e.m.c.i.p.ProjectConfigurationManager - Imported and configured 1 project(s) in 3 sec
2020-09-03 04:44:03,807 [Worker-15: Import Getting Started Content] INFO  o.e.m.c.i.p.ProjectConfigurationManager - Update started
2020-09-03 04:44:04,620 [Worker-15: Import Getting Started Content] INFO  o.e.m.c.i.l.LifecycleMappingFactory - Using org.eclipse.m2e.jdt.JarLifecycleMapping lifecycle mapping for MavenProject: com.demo:CustomerCRUDBackend:0.0.1-SNAPSHOT @ D:\Coding Workspace\angular workspace\CustomerCRUDBackend\pom.xml.
2020-09-03 04:44:05,712 [Worker-15: Import Getting Started Content] INFO  o.e.m.j.i.AbstractJavaProjectConfigurator - Adding source folder /CustomerCRUDBackend/src/main/java
2020-09-03 04:44:05,713 [Worker-15: Import Getting Started Content] INFO  o.e.m.j.i.AbstractJavaProjectConfigurator - Adding resource folder /CustomerCRUDBackend/src/main/resources
2020-09-03 04:44:05,716 [Worker-15: Import Getting Started Content] INFO  o.e.m.j.i.AbstractJavaProjectConfigurator - Adding resource folder /CustomerCRUDBackend/src/main/resources
2020-09-03 04:44:05,723 [Worker-15: Import Getting Started Content] INFO  o.e.m.j.i.AbstractJavaProjectConfigurator - Adding source folder /CustomerCRUDBackend/src/test/java
2020-09-03 04:44:06,076 [Worker-15: Import Getting Started Content] INFO  o.e.m.c.i.p.ProjectConfigurationManager - Update completed: 2 sec
2020-09-03 05:30:22,851 [Worker-35: Launching CustomerBackend] INFO  o.e.m.c.i.embedder.EclipseLogger - Using 'UTF-8' encoding to copy filtered resources.
2020-09-03 05:30:22,858 [Worker-35: Launching CustomerBackend] INFO  o.e.m.c.i.embedder.EclipseLogger - Copying 1 resource
2020-09-03 05:30:22,876 [Worker-35: Launching CustomerBackend] INFO  o.e.m.c.i.embedder.EclipseLogger - Copying 0 resource
2020-09-03 05:30:22,882 [Worker-35: Launching CustomerBackend] INFO  o.e.m.c.i.embedder.EclipseLogger - Using 'UTF-8' encoding to copy filtered resources.
2020-09-03 05:30:22,882 [Worker-35: Launching CustomerBackend] INFO  o.e.m.c.i.embedder.EclipseLogger - skip non existing resourceDirectory D:\Coding Workspace\angular workspace\CustomerCRUDBackend\src\test\resources
2020-09-03 05:31:55,258 [Worker-41: Launching CustomerBackend] INFO  o.e.m.c.i.embedder.EclipseLogger - Using 'UTF-8' encoding to copy filtered resources.
2020-09-03 05:31:55,264 [Worker-41: Launching CustomerBackend] INFO  o.e.m.c.i.embedder.EclipseLogger - Copying 1 resource
2020-09-03 05:31:55,266 [Worker-41: Launching CustomerBackend] INFO  o.e.m.c.i.embedder.EclipseLogger - Copying 0 resource
2020-09-03 05:31:55,269 [Worker-41: Launching CustomerBackend] INFO  o.e.m.c.i.embedder.EclipseLogger - Using 'UTF-8' encoding to copy filtered resources.
2020-09-03 05:31:55,269 [Worker-41: Launching CustomerBackend] INFO  o.e.m.c.i.embedder.EclipseLogger - skip non existing resourceDirectory D:\Coding Workspace\angular workspace\CustomerCRUDBackend\src\test\resources
2020-09-03 05:36:11,992 [Worker-46: Launching CustomerBackend] INFO  o.e.m.c.i.embedder.EclipseLogger - Using 'UTF-8' encoding to copy filtered resources.
2020-09-03 05:36:11,992 [Worker-46: Launching CustomerBackend] INFO  o.e.m.c.i.embedder.EclipseLogger - Copying 1 resource
2020-09-03 05:36:11,993 [Worker-46: Launching CustomerBackend] INFO  o.e.m.c.i.embedder.EclipseLogger - Copying 0 resource
2020-09-03 05:36:11,995 [Worker-46: Launching CustomerBackend] INFO  o.e.m.c.i.embedder.EclipseLogger - Using 'UTF-8' encoding to copy filtered resources.
2020-09-03 05:36:11,995 [Worker-46: Launching CustomerBackend] INFO  o.e.m.c.i.embedder.EclipseLogger - skip non existing resourceDirectory D:\Coding Workspace\angular workspace\CustomerCRUDBackend\src\test\resources
2020-09-03 05:38:57,426 [Worker-45: Launching CustomerBackend] INFO  o.e.m.c.i.embedder.EclipseLogger - Using 'UTF-8' encoding to copy filtered resources.
2020-09-03 05:38:57,427 [Worker-45: Launching CustomerBackend] INFO  o.e.m.c.i.embedder.EclipseLogger - Copying 1 resource
2020-09-03 05:38:57,428 [Worker-45: Launching CustomerBackend] INFO  o.e.m.c.i.embedder.EclipseLogger - Copying 0 resource
2020-09-03 05:38:57,429 [Worker-45: Launching CustomerBackend] INFO  o.e.m.c.i.embedder.EclipseLogger - Using 'UTF-8' encoding to copy filtered resources.
2020-09-03 05:38:57,430 [Worker-45: Launching CustomerBackend] INFO  o.e.m.c.i.embedder.EclipseLogger - skip non existing resourceDirectory D:\Coding Workspace\angular workspace\CustomerCRUDBackend\src\test\resources
2020-09-03 05:39:55,283 [Worker-43: Launching CustomerBackend] INFO  o.e.m.c.i.embedder.EclipseLogger - Using 'UTF-8' encoding to copy filtered resources.
2020-09-03 05:39:55,284 [Worker-43: Launching CustomerBackend] INFO  o.e.m.c.i.embedder.EclipseLogger - Copying 1 resource
2020-09-03 05:39:55,286 [Worker-43: Launching CustomerBackend] INFO  o.e.m.c.i.embedder.EclipseLogger - Copying 0 resource
2020-09-03 05:39:55,288 [Worker-43: Launching CustomerBackend] INFO  o.e.m.c.i.embedder.EclipseLogger - Using 'UTF-8' encoding to copy filtered resources.
2020-09-03 05:39:55,288 [Worker-43: Launching CustomerBackend] INFO  o.e.m.c.i.embedder.EclipseLogger - skip non existing resourceDirectory D:\Coding Workspace\angular workspace\CustomerCRUDBackend\src\test\resources
2020-09-03 05:47:56,692 [Worker-45: Launching CustomerBackend] INFO  o.e.m.c.i.embedder.EclipseLogger - Using 'UTF-8' encoding to copy filtered resources.
2020-09-03 05:47:56,694 [Worker-45: Launching CustomerBackend] INFO  o.e.m.c.i.embedder.EclipseLogger - Copying 1 resource
2020-09-03 05:47:56,696 [Worker-45: Launching CustomerBackend] INFO  o.e.m.c.i.embedder.EclipseLogger - Copying 0 resource
2020-09-03 05:47:56,698 [Worker-45: Launching CustomerBackend] INFO  o.e.m.c.i.embedder.EclipseLogger - Using 'UTF-8' encoding to copy filtered resources.
2020-09-03 05:47:56,698 [Worker-45: Launching CustomerBackend] INFO  o.e.m.c.i.embedder.EclipseLogger - skip non existing resourceDirectory D:\Coding Workspace\angular workspace\CustomerCRUDBackend\src\test\resources
2020-09-03 05:50:18,741 [Worker-47: Launching CustomerBackend] INFO  o.e.m.c.i.embedder.EclipseLogger - Using 'UTF-8' encoding to copy filtered resources.
2020-09-03 05:50:18,741 [Worker-47: Launching CustomerBackend] INFO  o.e.m.c.i.embedder.EclipseLogger - Copying 1 resource
2020-09-03 05:50:18,742 [Worker-47: Launching CustomerBackend] INFO  o.e.m.c.i.embedder.EclipseLogger - Copying 0 resource
2020-09-03 05:50:18,743 [Worker-47: Launching CustomerBackend] INFO  o.e.m.c.i.embedder.EclipseLogger - Using 'UTF-8' encoding to copy filtered resources.
2020-09-03 05:50:18,744 [Worker-47: Launching CustomerBackend] INFO  o.e.m.c.i.embedder.EclipseLogger - skip non existing resourceDirectory D:\Coding Workspace\angular workspace\CustomerCRUDBackend\src\test\resources
2020-09-03 06:03:35,829 [Worker-55: Building Workspace] INFO  o.e.m.c.i.embedder.EclipseLogger - Using 'UTF-8' encoding to copy filtered resources.
2020-09-03 06:03:35,829 [Worker-55: Building Workspace] INFO  o.e.m.c.i.embedder.EclipseLogger - Copying 1 resource
2020-09-03 06:03:35,830 [Worker-55: Building Workspace] INFO  o.e.m.c.i.embedder.EclipseLogger - Copying 0 resource
2020-09-03 06:03:35,834 [Worker-55: Building Workspace] INFO  o.e.m.c.i.embedder.EclipseLogger - Using 'UTF-8' encoding to copy filtered resources.
2020-09-03 06:03:35,834 [Worker-55: Building Workspace] INFO  o.e.m.c.i.embedder.EclipseLogger - skip non existing resourceDirectory D:\Coding Workspace\angular workspace\CustomerCRUDBackend\src\test\resources
2020-09-03 06:04:08,411 [Worker-60: Building Workspace] INFO  o.e.m.c.i.embedder.EclipseLogger - Using 'UTF-8' encoding to copy filtered resources.
2020-09-03 06:04:08,412 [Worker-60: Building Workspace] INFO  o.e.m.c.i.embedder.EclipseLogger - Copying 1 resource
2020-09-03 06:04:08,413 [Worker-60: Building Workspace] INFO  o.e.m.c.i.embedder.EclipseLogger - Copying 0 resource
2020-09-03 06:04:08,415 [Worker-60: Building Workspace] INFO  o.e.m.c.i.embedder.EclipseLogger - Using 'UTF-8' encoding to copy filtered resources.
2020-09-03 06:04:08,415 [Worker-60: Building Workspace] INFO  o.e.m.c.i.embedder.EclipseLogger - skip non existing resourceDirectory D:\Coding Workspace\angular workspace\CustomerCRUDBackend\src\test\resources
2020-09-03 06:10:09,146 [Worker-62: Building Workspace] INFO  o.e.m.c.i.embedder.EclipseLogger - Using 'UTF-8' encoding to copy filtered resources.
2020-09-03 06:10:09,147 [Worker-62: Building Workspace] INFO  o.e.m.c.i.embedder.EclipseLogger - Copying 1 resource
2020-09-03 06:10:09,148 [Worker-62: Building Workspace] INFO  o.e.m.c.i.embedder.EclipseLogger - Copying 0 resource
2020-09-03 06:10:09,150 [Worker-62: Building Workspace] INFO  o.e.m.c.i.embedder.EclipseLogger - Using 'UTF-8' encoding to copy filtered resources.
2020-09-03 06:10:09,150 [Worker-62: Building Workspace] INFO  o.e.m.c.i.embedder.EclipseLogger - skip non existing resourceDirectory D:\Coding Workspace\angular workspace\CustomerCRUDBackend\src\test\resources
2020-09-03 06:12:17,949 [Worker-55: Launching CustomerBackend] INFO  o.e.m.c.i.embedder.EclipseLogger - Using 'UTF-8' encoding to copy filtered resources.
2020-09-03 06:12:17,950 [Worker-55: Launching CustomerBackend] INFO  o.e.m.c.i.embedder.EclipseLogger - Copying 1 resource
2020-09-03 06:12:17,952 [Worker-55: Launching CustomerBackend] INFO  o.e.m.c.i.embedder.EclipseLogger - Copying 0 resource
2020-09-03 06:12:17,954 [Worker-55: Launching CustomerBackend] INFO  o.e.m.c.i.embedder.EclipseLogger - Using 'UTF-8' encoding to copy filtered resources.
2020-09-03 06:12:17,955 [Worker-55: Launching CustomerBackend] INFO  o.e.m.c.i.embedder.EclipseLogger - skip non existing resourceDirectory D:\Coding Workspace\angular workspace\CustomerCRUDBackend\src\test\resources
2020-09-03 06:23:15,290 [Worker-60: Launching CustomerBackend] INFO  o.e.m.c.i.embedder.EclipseLogger - Using 'UTF-8' encoding to copy filtered resources.
2020-09-03 06:23:15,291 [Worker-60: Launching CustomerBackend] INFO  o.e.m.c.i.embedder.EclipseLogger - Copying 1 resource
2020-09-03 06:23:15,292 [Worker-60: Launching CustomerBackend] INFO  o.e.m.c.i.embedder.EclipseLogger - Copying 0 resource
2020-09-03 06:23:15,295 [Worker-60: Launching CustomerBackend] INFO  o.e.m.c.i.embedder.EclipseLogger - Using 'UTF-8' encoding to copy filtered resources.
2020-09-03 06:23:15,295 [Worker-60: Launching CustomerBackend] INFO  o.e.m.c.i.embedder.EclipseLogger - skip non existing resourceDirectory D:\Coding Workspace\angular workspace\CustomerCRUDBackend\src\test\resources
2020-09-04 01:55:14,925 [Worker-208: Updating Maven Project] INFO  o.e.m.c.i.p.ProjectConfigurationManager - Update started
2020-09-04 01:55:16,987 [Worker-208: Updating Maven Project] INFO  o.e.m.c.i.l.LifecycleMappingFactory - Using org.eclipse.m2e.jdt.JarLifecycleMapping lifecycle mapping for MavenProject: com.demo:CustomerCRUDBackend:0.0.1-SNAPSHOT @ D:\Coding Workspace\angular workspace\CustomerCRUDBackend\pom.xml.
2020-09-04 01:55:19,209 [Worker-208: Updating Maven Project] INFO  o.e.m.j.i.AbstractJavaProjectConfigurator - Adding source folder /CustomerCRUDBackend/src/main/java
2020-09-04 01:55:19,210 [Worker-208: Updating Maven Project] INFO  o.e.m.j.i.AbstractJavaProjectConfigurator - Adding resource folder /CustomerCRUDBackend/src/main/resources
2020-09-04 01:55:19,212 [Worker-208: Updating Maven Project] INFO  o.e.m.j.i.AbstractJavaProjectConfigurator - Adding resource folder /CustomerCRUDBackend/src/main/resources
2020-09-04 01:55:19,213 [Worker-208: Updating Maven Project] INFO  o.e.m.j.i.AbstractJavaProjectConfigurator - Adding source folder /CustomerCRUDBackend/src/test/java
2020-09-04 01:55:20,172 [Worker-208: Updating Maven Project] INFO  o.e.m.c.i.p.ProjectConfigurationManager - Update completed: 5 sec
2020-09-04 01:58:04,431 [Worker-212: Launching CustomerBackend] INFO  o.e.m.c.i.embedder.EclipseLogger - Using 'UTF-8' encoding to copy filtered resources.
2020-09-04 01:58:04,434 [Worker-212: Launching CustomerBackend] INFO  o.e.m.c.i.embedder.EclipseLogger - Copying 1 resource
2020-09-04 01:58:04,448 [Worker-212: Launching CustomerBackend] INFO  o.e.m.c.i.embedder.EclipseLogger - Copying 0 resource
2020-09-04 01:58:04,451 [Worker-212: Launching CustomerBackend] INFO  o.e.m.c.i.embedder.EclipseLogger - Using 'UTF-8' encoding to copy filtered resources.
2020-09-04 01:58:04,451 [Worker-212: Launching CustomerBackend] INFO  o.e.m.c.i.embedder.EclipseLogger - skip non existing resourceDirectory D:\Coding Workspace\angular workspace\CustomerCRUDBackend\src\test\resources
2020-09-04 02:00:53,659 [Worker-208: Launching CustomerBackend] INFO  o.e.m.c.i.embedder.EclipseLogger - Using 'UTF-8' encoding to copy filtered resources.
2020-09-04 02:00:53,661 [Worker-208: Launching CustomerBackend] INFO  o.e.m.c.i.embedder.EclipseLogger - Copying 1 resource
2020-09-04 02:00:53,663 [Worker-208: Launching CustomerBackend] INFO  o.e.m.c.i.embedder.EclipseLogger - Copying 0 resource
2020-09-04 02:00:53,665 [Worker-208: Launching CustomerBackend] INFO  o.e.m.c.i.embedder.EclipseLogger - Using 'UTF-8' encoding to copy filtered resources.
2020-09-04 02:00:53,665 [Worker-208: Launching CustomerBackend] INFO  o.e.m.c.i.embedder.EclipseLogger - skip non existing resourceDirectory D:\Coding Workspace\angular workspace\CustomerCRUDBackend\src\test\resources
2020-09-04 02:01:40,851 [Worker-218: Launching CustomerBackend] INFO  o.e.m.c.i.embedder.EclipseLogger - Using 'UTF-8' encoding to copy filtered resources.
2020-09-04 02:01:40,851 [Worker-218: Launching CustomerBackend] INFO  o.e.m.c.i.embedder.EclipseLogger - Copying 1 resource
2020-09-04 02:01:40,852 [Worker-218: Launching CustomerBackend] INFO  o.e.m.c.i.embedder.EclipseLogger - Copying 0 resource
2020-09-04 02:01:40,854 [Worker-218: Launching CustomerBackend] INFO  o.e.m.c.i.embedder.EclipseLogger - Using 'UTF-8' encoding to copy filtered resources.
2020-09-04 02:01:40,854 [Worker-218: Launching CustomerBackend] INFO  o.e.m.c.i.embedder.EclipseLogger - skip non existing resourceDirectory D:\Coding Workspace\angular workspace\CustomerCRUDBackend\src\test\resources
2020-09-04 02:02:02,561 [Worker-217: Launching CustomerBackend] INFO  o.e.m.c.i.embedder.EclipseLogger - Using 'UTF-8' encoding to copy filtered resources.
2020-09-04 02:02:02,562 [Worker-217: Launching CustomerBackend] INFO  o.e.m.c.i.embedder.EclipseLogger - Copying 1 resource
2020-09-04 02:02:02,563 [Worker-217: Launching CustomerBackend] INFO  o.e.m.c.i.embedder.EclipseLogger - Copying 0 resource
2020-09-04 02:02:02,566 [Worker-217: Launching CustomerBackend] INFO  o.e.m.c.i.embedder.EclipseLogger - Using 'UTF-8' encoding to copy filtered resources.
2020-09-04 02:02:02,566 [Worker-217: Launching CustomerBackend] INFO  o.e.m.c.i.embedder.EclipseLogger - skip non existing resourceDirectory D:\Coding Workspace\angular workspace\CustomerCRUDBackend\src\test\resources
2020-09-04 02:04:38,081 [Worker-216: Building Workspace] INFO  o.e.m.c.i.embedder.EclipseLogger - Using 'UTF-8' encoding to copy filtered resources.
2020-09-04 02:04:38,082 [Worker-216: Building Workspace] INFO  o.e.m.c.i.embedder.EclipseLogger - Copying 1 resource
2020-09-04 02:04:38,084 [Worker-216: Building Workspace] INFO  o.e.m.c.i.embedder.EclipseLogger - Copying 0 resource
2020-09-04 02:04:38,087 [Worker-216: Building Workspace] INFO  o.e.m.c.i.embedder.EclipseLogger - Using 'UTF-8' encoding to copy filtered resources.
2020-09-04 02:04:38,087 [Worker-216: Building Workspace] INFO  o.e.m.c.i.embedder.EclipseLogger - skip non existing resourceDirectory D:\Coding Workspace\angular workspace\CustomerCRUDBackend\src\test\resources
2020-09-04 02:07:03,597 [Worker-216: Building Workspace] INFO  o.e.m.c.i.embedder.EclipseLogger - Using 'UTF-8' encoding to copy filtered resources.
2020-09-04 02:07:03,598 [Worker-216: Building Workspace] INFO  o.e.m.c.i.embedder.EclipseLogger - Copying 1 resource
2020-09-04 02:07:03,599 [Worker-216: Building Workspace] INFO  o.e.m.c.i.embedder.EclipseLogger - Copying 0 resource
2020-09-04 02:07:03,601 [Worker-216: Building Workspace] INFO  o.e.m.c.i.embedder.EclipseLogger - Using 'UTF-8' encoding to copy filtered resources.
2020-09-04 02:07:03,601 [Worker-216: Building Workspace] INFO  o.e.m.c.i.embedder.EclipseLogger - skip non existing resourceDirectory D:\Coding Workspace\angular workspace\CustomerCRUDBackend\src\test\resources
2020-09-04 02:07:40,071 [Worker-216: Building Workspace] INFO  o.e.m.c.i.embedder.EclipseLogger - Using 'UTF-8' encoding to copy filtered resources.
2020-09-04 02:07:40,072 [Worker-216: Building Workspace] INFO  o.e.m.c.i.embedder.EclipseLogger - Copying 1 resource
2020-09-04 02:07:40,073 [Worker-216: Building Workspace] INFO  o.e.m.c.i.embedder.EclipseLogger - Copying 0 resource
2020-09-04 02:07:40,074 [Worker-216: Building Workspace] INFO  o.e.m.c.i.embedder.EclipseLogger - Using 'UTF-8' encoding to copy filtered resources.
2020-09-04 02:07:40,074 [Worker-216: Building Workspace] INFO  o.e.m.c.i.embedder.EclipseLogger - skip non existing resourceDirectory D:\Coding Workspace\angular workspace\CustomerCRUDBackend\src\test\resources
2020-09-04 02:09:05,726 [Worker-221: Updating Maven Project] INFO  o.e.m.c.i.p.ProjectConfigurationManager - Update started
2020-09-04 02:09:06,571 [Worker-221: Updating Maven Project] INFO  o.e.m.c.i.l.LifecycleMappingFactory - Using org.eclipse.m2e.jdt.JarLifecycleMapping lifecycle mapping for MavenProject: com.demo:CustomerCRUDBackend:0.0.1-SNAPSHOT @ D:\Coding Workspace\angular workspace\CustomerCRUDBackend\pom.xml.
2020-09-04 02:09:07,399 [Worker-221: Updating Maven Project] INFO  o.e.m.j.i.AbstractJavaProjectConfigurator - Adding source folder /CustomerCRUDBackend/src/main/java
2020-09-04 02:09:07,400 [Worker-221: Updating Maven Project] INFO  o.e.m.j.i.AbstractJavaProjectConfigurator - Adding resource folder /CustomerCRUDBackend/src/main/resources
2020-09-04 02:09:07,400 [Worker-221: Updating Maven Project] INFO  o.e.m.j.i.AbstractJavaProjectConfigurator - Adding resource folder /CustomerCRUDBackend/src/main/resources
2020-09-04 02:09:07,401 [Worker-221: Updating Maven Project] INFO  o.e.m.j.i.AbstractJavaProjectConfigurator - Adding source folder /CustomerCRUDBackend/src/test/java
2020-09-04 02:09:07,740 [Worker-221: Updating Maven Project] INFO  o.e.m.c.i.p.ProjectConfigurationManager - Update completed: 2 sec
2020-09-04 02:09:30,573 [Worker-220: Launching CustomerCrudBackendApplication] INFO  o.e.m.c.i.embedder.EclipseLogger - Using 'UTF-8' encoding to copy filtered resources.
2020-09-04 02:09:30,574 [Worker-220: Launching CustomerCrudBackendApplication] INFO  o.e.m.c.i.embedder.EclipseLogger - Copying 1 resource
2020-09-04 02:09:30,585 [Worker-220: Launching CustomerCrudBackendApplication] INFO  o.e.m.c.i.embedder.EclipseLogger - Copying 0 resource
2020-09-04 02:09:30,587 [Worker-220: Launching CustomerCrudBackendApplication] INFO  o.e.m.c.i.embedder.EclipseLogger - Using 'UTF-8' encoding to copy filtered resources.
2020-09-04 02:09:30,588 [Worker-220: Launching CustomerCrudBackendApplication] INFO  o.e.m.c.i.embedder.EclipseLogger - skip non existing resourceDirectory D:\Coding Workspace\angular workspace\CustomerCRUDBackend\src\test\resources
2020-09-04 02:10:09,710 [Worker-223: Building Workspace] INFO  o.e.m.c.i.embedder.EclipseLogger - Using 'UTF-8' encoding to copy filtered resources.
2020-09-04 02:10:09,712 [Worker-223: Building Workspace] INFO  o.e.m.c.i.embedder.EclipseLogger - Copying 1 resource
2020-09-04 02:10:09,714 [Worker-223: Building Workspace] INFO  o.e.m.c.i.embedder.EclipseLogger - Copying 0 resource
2020-09-04 02:10:09,716 [Worker-223: Building Workspace] INFO  o.e.m.c.i.embedder.EclipseLogger - Using 'UTF-8' encoding to copy filtered resources.
2020-09-04 02:10:09,716 [Worker-223: Building Workspace] INFO  o.e.m.c.i.embedder.EclipseLogger - skip non existing resourceDirectory D:\Coding Workspace\angular workspace\CustomerCRUDBackend\src\test\resources
2020-09-04 02:21:01,624 [Worker-226: Updating Maven Project] INFO  o.e.m.c.i.p.ProjectConfigurationManager - Update started
2020-09-04 02:21:02,447 [Worker-226: Updating Maven Project] INFO  o.e.m.c.i.l.LifecycleMappingFactory - Using org.eclipse.m2e.jdt.JarLifecycleMapping lifecycle mapping for MavenProject: com.demo:CustomerCRUDBackend:0.0.1-SNAPSHOT @ D:\Coding Workspace\angular workspace\CustomerCRUDBackend\pom.xml.
2020-09-04 02:21:04,487 [Worker-226: Updating Maven Project] INFO  o.e.m.c.i.e.AbstractTransferListenerAdapter - Downloaded https://repo.maven.apache.org/maven2/org/springframework/spring-context/2.3.3.RELEASE/spring-context-2.3.3.RELEASE.pom
2020-09-04 02:21:04,492 [Worker-226: Updating Maven Project] WARN  o.e.m.c.i.embedder.EclipseLogger - The POM for org.springframework:spring-context:jar:2.3.3.RELEASE is missing, no dependency information available
2020-09-04 02:21:04,866 [Worker-226: Updating Maven Project] INFO  o.e.m.c.i.e.AbstractTransferListenerAdapter - Downloaded https://repo.maven.apache.org/maven2/org/springframework/spring-context/2.3.3.RELEASE/spring-context-2.3.3.RELEASE.jar
2020-09-04 02:21:05,238 [Worker-226: Updating Maven Project] INFO  o.e.m.j.i.AbstractJavaProjectConfigurator - Adding source folder /CustomerCRUDBackend/src/main/java
2020-09-04 02:21:05,238 [Worker-226: Updating Maven Project] INFO  o.e.m.j.i.AbstractJavaProjectConfigurator - Adding resource folder /CustomerCRUDBackend/src/main/resources
2020-09-04 02:21:05,238 [Worker-226: Updating Maven Project] INFO  o.e.m.j.i.AbstractJavaProjectConfigurator - Adding resource folder /CustomerCRUDBackend/src/main/resources
2020-09-04 02:21:05,238 [Worker-226: Updating Maven Project] INFO  o.e.m.j.i.AbstractJavaProjectConfigurator - Adding source folder /CustomerCRUDBackend/src/test/java
2020-09-04 02:21:05,569 [Worker-226: Updating Maven Project] INFO  o.e.m.c.i.p.ProjectConfigurationManager - Update completed: 3 sec
2020-09-04 02:21:06,566 [Worker-231: Download sources and javadoc] WARN  o.e.m.c.i.embedder.EclipseLogger - The POM for org.springframework:spring-context:jar:2.3.3.RELEASE is missing, no dependency information available
2020-09-04 02:21:07,841 [Worker-231: Download sources and javadoc] INFO  o.e.m.c.i.e.AbstractTransferListenerAdapter - Downloaded https://repo.maven.apache.org/maven2/org/springframework/spring-context/2.3.3.RELEASE/spring-context-2.3.3.RELEASE-sources.jar
2020-09-04 02:21:07,890 [Worker-231: Download sources and javadoc] ERROR o.e.m.j.internal.DownloadSourcesJob - Could not download sources for org.springframework:spring-context:2.3.3.RELEASE
org.eclipse.core.runtime.CoreException: Could not resolve artifact org.springframework:spring-context:jar:sources:2.3.3.RELEASE
	at org.eclipse.m2e.core.internal.embedder.MavenImpl.lambda$4(MavenImpl.java:803) ~[org.eclipse.m2e.core_1.16.0.20200605-0817.jar:na]
	at org.eclipse.m2e.core.internal.embedder.MavenExecutionContext.executeBare(MavenExecutionContext.java:179) ~[org.eclipse.m2e.core_1.16.0.20200605-0817.jar:na]
	at org.eclipse.m2e.core.internal.embedder.MavenExecutionContext.execute(MavenExecutionContext.java:114) ~[org.eclipse.m2e.core_1.16.0.20200605-0817.jar:na]
	at org.eclipse.m2e.core.internal.embedder.MavenExecutionContext.execute(MavenExecutionContext.java:101) ~[org.eclipse.m2e.core_1.16.0.20200605-0817.jar:na]
	at org.eclipse.m2e.core.internal.embedder.MavenImpl.resolve(MavenImpl.java:771) ~[org.eclipse.m2e.core_1.16.0.20200605-0817.jar:na]
	at org.eclipse.m2e.core.internal.embedder.MavenImpl.resolve(MavenImpl.java:748) ~[org.eclipse.m2e.core_1.16.0.20200605-0817.jar:na]
	at org.eclipse.m2e.jdt.internal.DownloadSourcesJob.download(DownloadSourcesJob.java:330) [org.eclipse.m2e.jdt_1.16.0.20200610-1500.jar:na]
	at org.eclipse.m2e.jdt.internal.DownloadSourcesJob.downloadAttachments(DownloadSourcesJob.java:304) [org.eclipse.m2e.jdt_1.16.0.20200610-1500.jar:na]
	at org.eclipse.m2e.jdt.internal.DownloadSourcesJob.downloadMaven(DownloadSourcesJob.java:269) [org.eclipse.m2e.jdt_1.16.0.20200610-1500.jar:na]
	at org.eclipse.m2e.jdt.internal.DownloadSourcesJob.downloadFilesAndPopulateToUpdate(DownloadSourcesJob.java:233) [org.eclipse.m2e.jdt_1.16.0.20200610-1500.jar:na]
	at org.eclipse.m2e.jdt.internal.DownloadSourcesJob.lambda$0(DownloadSourcesJob.java:161) [org.eclipse.m2e.jdt_1.16.0.20200610-1500.jar:na]
	at org.eclipse.m2e.core.internal.embedder.MavenExecutionContext.executeBare(MavenExecutionContext.java:179) ~[org.eclipse.m2e.core_1.16.0.20200605-0817.jar:na]
	at org.eclipse.m2e.core.internal.embedder.MavenExecutionContext.execute(MavenExecutionContext.java:153) ~[org.eclipse.m2e.core_1.16.0.20200605-0817.jar:na]
	at org.eclipse.m2e.core.internal.embedder.MavenExecutionContext.execute(MavenExecutionContext.java:101) ~[org.eclipse.m2e.core_1.16.0.20200605-0817.jar:na]
	at org.eclipse.m2e.core.internal.embedder.MavenImpl.execute(MavenImpl.java:1373) ~[org.eclipse.m2e.core_1.16.0.20200605-0817.jar:na]
	at org.eclipse.m2e.jdt.internal.DownloadSourcesJob.run(DownloadSourcesJob.java:161) [org.eclipse.m2e.jdt_1.16.0.20200610-1500.jar:na]
	at org.eclipse.core.internal.jobs.Worker.run(Worker.java:63) ~[org.eclipse.core.jobs_3.10.800.v20200421-0950.jar:na]
2020-09-04 02:21:09,281 [Worker-231: Download sources and javadoc] INFO  o.e.m.c.i.e.AbstractTransferListenerAdapter - Downloaded https://repo.maven.apache.org/maven2/org/springframework/spring-context/2.3.3.RELEASE/spring-context-2.3.3.RELEASE-javadoc.jar
2020-09-04 02:21:09,288 [Worker-231: Download sources and javadoc] ERROR o.e.m.j.internal.DownloadSourcesJob - Could not download javadoc for org.springframework:spring-context:2.3.3.RELEASE
org.eclipse.core.runtime.CoreException: Could not resolve artifact org.springframework:spring-context:jar:javadoc:2.3.3.RELEASE
	at org.eclipse.m2e.core.internal.embedder.MavenImpl.lambda$4(MavenImpl.java:803) ~[org.eclipse.m2e.core_1.16.0.20200605-0817.jar:na]
	at org.eclipse.m2e.core.internal.embedder.MavenExecutionContext.executeBare(MavenExecutionContext.java:179) ~[org.eclipse.m2e.core_1.16.0.20200605-0817.jar:na]
	at org.eclipse.m2e.core.internal.embedder.MavenExecutionContext.execute(MavenExecutionContext.java:114) ~[org.eclipse.m2e.core_1.16.0.20200605-0817.jar:na]
	at org.eclipse.m2e.core.internal.embedder.MavenExecutionContext.execute(MavenExecutionContext.java:101) ~[org.eclipse.m2e.core_1.16.0.20200605-0817.jar:na]
	at org.eclipse.m2e.core.internal.embedder.MavenImpl.resolve(MavenImpl.java:771) ~[org.eclipse.m2e.core_1.16.0.20200605-0817.jar:na]
	at org.eclipse.m2e.core.internal.embedder.MavenImpl.resolve(MavenImpl.java:748) ~[org.eclipse.m2e.core_1.16.0.20200605-0817.jar:na]
	at org.eclipse.m2e.jdt.internal.DownloadSourcesJob.download(DownloadSourcesJob.java:330) [org.eclipse.m2e.jdt_1.16.0.20200610-1500.jar:na]
	at org.eclipse.m2e.jdt.internal.DownloadSourcesJob.downloadAttachments(DownloadSourcesJob.java:316) [org.eclipse.m2e.jdt_1.16.0.20200610-1500.jar:na]
	at org.eclipse.m2e.jdt.internal.DownloadSourcesJob.downloadMaven(DownloadSourcesJob.java:269) [org.eclipse.m2e.jdt_1.16.0.20200610-1500.jar:na]
	at org.eclipse.m2e.jdt.internal.DownloadSourcesJob.downloadFilesAndPopulateToUpdate(DownloadSourcesJob.java:233) [org.eclipse.m2e.jdt_1.16.0.20200610-1500.jar:na]
	at org.eclipse.m2e.jdt.internal.DownloadSourcesJob.lambda$0(DownloadSourcesJob.java:161) [org.eclipse.m2e.jdt_1.16.0.20200610-1500.jar:na]
	at org.eclipse.m2e.core.internal.embedder.MavenExecutionContext.executeBare(MavenExecutionContext.java:179) ~[org.eclipse.m2e.core_1.16.0.20200605-0817.jar:na]
	at org.eclipse.m2e.core.internal.embedder.MavenExecutionContext.execute(MavenExecutionContext.java:153) ~[org.eclipse.m2e.core_1.16.0.20200605-0817.jar:na]
	at org.eclipse.m2e.core.internal.embedder.MavenExecutionContext.execute(MavenExecutionContext.java:101) ~[org.eclipse.m2e.core_1.16.0.20200605-0817.jar:na]
	at org.eclipse.m2e.core.internal.embedder.MavenImpl.execute(MavenImpl.java:1373) ~[org.eclipse.m2e.core_1.16.0.20200605-0817.jar:na]
	at org.eclipse.m2e.jdt.internal.DownloadSourcesJob.run(DownloadSourcesJob.java:161) [org.eclipse.m2e.jdt_1.16.0.20200610-1500.jar:na]
	at org.eclipse.core.internal.jobs.Worker.run(Worker.java:63) ~[org.eclipse.core.jobs_3.10.800.v20200421-0950.jar:na]
2020-09-04 02:22:45,838 [Worker-226: Building Workspace] INFO  o.e.m.c.i.l.LifecycleMappingFactory - Using org.eclipse.m2e.jdt.JarLifecycleMapping lifecycle mapping for MavenProject: com.demo:CustomerCRUDBackend:0.0.1-SNAPSHOT @ D:\Coding Workspace\angular workspace\CustomerCRUDBackend\pom.xml.
2020-09-04 02:22:46,955 [Worker-226: Building Workspace] INFO  o.e.m.c.i.embedder.EclipseLogger - Using 'UTF-8' encoding to copy filtered resources.
2020-09-04 02:22:46,956 [Worker-226: Building Workspace] INFO  o.e.m.c.i.embedder.EclipseLogger - Copying 1 resource
2020-09-04 02:22:46,969 [Worker-226: Building Workspace] INFO  o.e.m.c.i.embedder.EclipseLogger - Copying 0 resource
2020-09-04 02:22:46,971 [Worker-226: Building Workspace] INFO  o.e.m.c.i.embedder.EclipseLogger - Using 'UTF-8' encoding to copy filtered resources.
2020-09-04 02:22:46,971 [Worker-226: Building Workspace] INFO  o.e.m.c.i.embedder.EclipseLogger - skip non existing resourceDirectory D:\Coding Workspace\angular workspace\CustomerCRUDBackend\src\test\resources
2020-09-04 02:22:52,569 [Worker-224: reload maven project] INFO  o.e.m.c.i.e.AbstractTransferListenerAdapter - Downloading https://repo.maven.apache.org/maven2/org/springframework/spring-context/3.1.2.RELEASE/spring-context-3.1.2.RELEASE.pom
2020-09-04 02:22:52,869 [Worker-224: reload maven project] INFO  o.e.m.c.i.e.AbstractTransferListenerAdapter - Downloaded https://repo.maven.apache.org/maven2/org/springframework/spring-context/3.1.2.RELEASE/spring-context-3.1.2.RELEASE.pom
2020-09-04 02:22:53,203 [Worker-224: reload maven project] INFO  o.e.m.c.i.e.AbstractTransferListenerAdapter - Downloading https://repo.maven.apache.org/maven2/org/springframework/spring-parent/3.1.2.RELEASE/spring-parent-3.1.2.RELEASE.pom
2020-09-04 02:22:53,535 [Worker-224: reload maven project] INFO  o.e.m.c.i.e.AbstractTransferListenerAdapter - Downloaded https://repo.maven.apache.org/maven2/org/springframework/spring-parent/3.1.2.RELEASE/spring-parent-3.1.2.RELEASE.pom
2020-09-04 02:22:53,819 [Worker-224: reload maven project] INFO  o.e.m.c.i.e.AbstractTransferListenerAdapter - Downloading https://repo.maven.apache.org/maven2/org/springframework/spring-asm/3.1.2.RELEASE/spring-asm-3.1.2.RELEASE.pom
2020-09-04 02:22:54,154 [Worker-224: reload maven project] INFO  o.e.m.c.i.e.AbstractTransferListenerAdapter - Downloaded https://repo.maven.apache.org/maven2/org/springframework/spring-asm/3.1.2.RELEASE/spring-asm-3.1.2.RELEASE.pom
2020-09-04 02:22:54,539 [AetherRepositoryConnector-repo.maven.apache.org-0-1] INFO  o.e.m.c.i.e.AbstractTransferListenerAdapter - Downloading https://repo.maven.apache.org/maven2/org/springframework/spring-asm/3.1.2.RELEASE/spring-asm-3.1.2.RELEASE.jar
2020-09-04 02:22:56,023 [AetherRepositoryConnector-repo.maven.apache.org-0-0] INFO  o.e.m.c.i.e.AbstractTransferListenerAdapter - Downloading https://repo.maven.apache.org/maven2/org/springframework/spring-context/3.1.2.RELEASE/spring-context-3.1.2.RELEASE.jar
2020-09-04 02:22:56,388 [AetherRepositoryConnector-repo.maven.apache.org-0-1] INFO  o.e.m.c.i.e.AbstractTransferListenerAdapter - Downloaded https://repo.maven.apache.org/maven2/org/springframework/spring-asm/3.1.2.RELEASE/spring-asm-3.1.2.RELEASE.jar
2020-09-04 02:22:58,777 [Worker-230: Building Workspace] INFO  o.e.m.c.i.l.LifecycleMappingFactory - Using org.eclipse.m2e.jdt.JarLifecycleMapping lifecycle mapping for MavenProject: com.demo:CustomerCRUDBackend:0.0.1-SNAPSHOT @ D:\Coding Workspace\angular workspace\CustomerCRUDBackend\pom.xml.
2020-09-04 02:23:00,127 [Worker-230: Building Workspace] INFO  o.e.m.c.i.e.AbstractTransferListenerAdapter - Downloading https://repo.maven.apache.org/maven2/org/springframework/spring-context/3.1.2.RELEASE/spring-context-3.1.2.RELEASE.jar
2020-09-04 02:23:04,053 [Worker-230: Building Workspace] INFO  o.e.m.c.i.e.AbstractTransferListenerAdapter - Downloaded https://repo.maven.apache.org/maven2/org/springframework/spring-context/3.1.2.RELEASE/spring-context-3.1.2.RELEASE.jar
2020-09-04 02:23:04,913 [AetherRepositoryConnector-repo.maven.apache.org-0-0] INFO  o.e.m.c.i.e.AbstractTransferListenerAdapter - Downloaded https://repo.maven.apache.org/maven2/org/springframework/spring-context/3.1.2.RELEASE/spring-context-3.1.2.RELEASE.jar
2020-09-04 02:23:05,861 [Worker-230: Building Workspace] INFO  o.e.m.c.i.embedder.EclipseLogger - Using 'UTF-8' encoding to copy filtered resources.
2020-09-04 02:23:05,866 [Worker-230: Building Workspace] INFO  o.e.m.c.i.embedder.EclipseLogger - Copying 1 resource
2020-09-04 02:23:05,881 [Worker-230: Building Workspace] INFO  o.e.m.c.i.embedder.EclipseLogger - Copying 0 resource
2020-09-04 02:23:05,884 [Worker-230: Building Workspace] INFO  o.e.m.c.i.embedder.EclipseLogger - Using 'UTF-8' encoding to copy filtered resources.
2020-09-04 02:23:05,884 [Worker-230: Building Workspace] INFO  o.e.m.c.i.embedder.EclipseLogger - skip non existing resourceDirectory D:\Coding Workspace\angular workspace\CustomerCRUDBackend\src\test\resources
2020-09-04 02:23:07,848 [Worker-230: Download sources and javadoc] INFO  o.e.m.c.i.e.AbstractTransferListenerAdapter - Downloading https://repo.maven.apache.org/maven2/org/springframework/spring-context/3.1.2.RELEASE/spring-context-3.1.2.RELEASE-sources.jar
2020-09-04 02:23:10,954 [Worker-230: Download sources and javadoc] INFO  o.e.m.c.i.e.AbstractTransferListenerAdapter - Downloaded https://repo.maven.apache.org/maven2/org/springframework/spring-context/3.1.2.RELEASE/spring-context-3.1.2.RELEASE-sources.jar
2020-09-04 02:23:11,615 [Worker-230: Download sources and javadoc] INFO  o.e.m.j.internal.DownloadSourcesJob - Downloaded sources for org.springframework:spring-context:3.1.2.RELEASE
2020-09-04 02:23:12,462 [Worker-224: Updating Maven Project] INFO  o.e.m.c.i.p.ProjectConfigurationManager - Update started
2020-09-04 02:23:12,864 [Worker-230: Download sources and javadoc] INFO  o.e.m.c.i.e.AbstractTransferListenerAdapter - Downloading https://repo.maven.apache.org/maven2/org/springframework/spring-asm/3.1.2.RELEASE/spring-asm-3.1.2.RELEASE-sources.jar
2020-09-04 02:23:13,164 [Worker-224: Updating Maven Project] INFO  o.e.m.c.i.l.LifecycleMappingFactory - Using org.eclipse.m2e.jdt.JarLifecycleMapping lifecycle mapping for MavenProject: com.demo:CustomerCRUDBackend:0.0.1-SNAPSHOT @ D:\Coding Workspace\angular workspace\CustomerCRUDBackend\pom.xml.
2020-09-04 02:23:13,181 [Worker-230: Download sources and javadoc] INFO  o.e.m.c.i.e.AbstractTransferListenerAdapter - Downloaded https://repo.maven.apache.org/maven2/org/springframework/spring-asm/3.1.2.RELEASE/spring-asm-3.1.2.RELEASE-sources.jar
2020-09-04 02:23:13,290 [Worker-230: Download sources and javadoc] INFO  o.e.m.j.internal.DownloadSourcesJob - Downloaded sources for org.springframework:spring-asm:3.1.2.RELEASE
2020-09-04 02:23:13,686 [Worker-224: Updating Maven Project] INFO  o.e.m.j.i.AbstractJavaProjectConfigurator - Adding source folder /CustomerCRUDBackend/src/main/java
2020-09-04 02:23:13,686 [Worker-224: Updating Maven Project] INFO  o.e.m.j.i.AbstractJavaProjectConfigurator - Adding resource folder /CustomerCRUDBackend/src/main/resources
2020-09-04 02:23:13,687 [Worker-224: Updating Maven Project] INFO  o.e.m.j.i.AbstractJavaProjectConfigurator - Adding resource folder /CustomerCRUDBackend/src/main/resources
2020-09-04 02:23:13,687 [Worker-224: Updating Maven Project] INFO  o.e.m.j.i.AbstractJavaProjectConfigurator - Adding source folder /CustomerCRUDBackend/src/test/java
2020-09-04 02:23:13,975 [Worker-224: Updating Maven Project] INFO  o.e.m.c.i.p.ProjectConfigurationManager - Update completed: 1 sec
2020-09-04 02:24:45,163 [Worker-235: Updating Maven Project] INFO  o.e.m.c.i.p.ProjectConfigurationManager - Update started
2020-09-04 02:24:45,882 [Worker-235: Updating Maven Project] INFO  o.e.m.c.i.l.LifecycleMappingFactory - Using org.eclipse.m2e.jdt.JarLifecycleMapping lifecycle mapping for MavenProject: com.demo:CustomerCRUDBackend:0.0.1-SNAPSHOT @ D:\Coding Workspace\angular workspace\CustomerCRUDBackend\pom.xml.
2020-09-04 02:24:47,616 [Worker-235: Updating Maven Project] INFO  o.e.m.j.i.AbstractJavaProjectConfigurator - Adding source folder /CustomerCRUDBackend/src/main/java
2020-09-04 02:24:47,616 [Worker-235: Updating Maven Project] INFO  o.e.m.j.i.AbstractJavaProjectConfigurator - Adding resource folder /CustomerCRUDBackend/src/main/resources
2020-09-04 02:24:47,617 [Worker-235: Updating Maven Project] INFO  o.e.m.j.i.AbstractJavaProjectConfigurator - Adding resource folder /CustomerCRUDBackend/src/main/resources
2020-09-04 02:24:47,618 [Worker-235: Updating Maven Project] INFO  o.e.m.j.i.AbstractJavaProjectConfigurator - Adding source folder /CustomerCRUDBackend/src/test/java
2020-09-04 02:24:48,133 [Worker-235: Updating Maven Project] INFO  o.e.m.c.i.p.ProjectConfigurationManager - Update completed: 2 sec
2020-09-04 02:31:19,768 [Worker-234: Building Workspace] INFO  o.e.m.c.i.embedder.EclipseLogger - Using 'UTF-8' encoding to copy filtered resources.
2020-09-04 02:31:19,769 [Worker-234: Building Workspace] INFO  o.e.m.c.i.embedder.EclipseLogger - Copying 1 resource
2020-09-04 02:31:19,779 [Worker-234: Building Workspace] INFO  o.e.m.c.i.embedder.EclipseLogger - Copying 0 resource
2020-09-04 02:31:19,782 [Worker-234: Building Workspace] INFO  o.e.m.c.i.embedder.EclipseLogger - Using 'UTF-8' encoding to copy filtered resources.
2020-09-04 02:31:19,782 [Worker-234: Building Workspace] INFO  o.e.m.c.i.embedder.EclipseLogger - skip non existing resourceDirectory D:\Coding Workspace\angular workspace\CustomerCRUDBackend\src\test\resources
2020-09-04 02:31:48,533 [Worker-234: Updating Maven Project] INFO  o.e.m.c.i.p.ProjectConfigurationManager - Update started
2020-09-04 02:31:49,062 [Worker-234: Updating Maven Project] INFO  o.e.m.c.i.l.LifecycleMappingFactory - Using org.eclipse.m2e.jdt.JarLifecycleMapping lifecycle mapping for MavenProject: com.demo:CustomerCRUDBackend:0.0.1-SNAPSHOT @ D:\Coding Workspace\angular workspace\CustomerCRUDBackend\pom.xml.
2020-09-04 02:31:49,453 [Worker-234: Updating Maven Project] INFO  o.e.m.j.i.AbstractJavaProjectConfigurator - Adding source folder /CustomerCRUDBackend/src/main/java
2020-09-04 02:31:49,453 [Worker-234: Updating Maven Project] INFO  o.e.m.j.i.AbstractJavaProjectConfigurator - Adding resource folder /CustomerCRUDBackend/src/main/resources
2020-09-04 02:31:49,454 [Worker-234: Updating Maven Project] INFO  o.e.m.j.i.AbstractJavaProjectConfigurator - Adding resource folder /CustomerCRUDBackend/src/main/resources
2020-09-04 02:31:49,454 [Worker-234: Updating Maven Project] INFO  o.e.m.j.i.AbstractJavaProjectConfigurator - Adding source folder /CustomerCRUDBackend/src/test/java
2020-09-04 02:31:49,749 [Worker-234: Updating Maven Project] INFO  o.e.m.c.i.p.ProjectConfigurationManager - Update completed: 1 sec
2020-09-04 02:32:23,589 [Worker-241: Updating Maven Project] INFO  o.e.m.c.i.p.ProjectConfigurationManager - Update started
2020-09-04 02:32:24,066 [Worker-241: Updating Maven Project] INFO  o.e.m.c.i.l.LifecycleMappingFactory - Using org.eclipse.m2e.jdt.JarLifecycleMapping lifecycle mapping for MavenProject: com.demo:CustomerCRUDBackend:0.0.1-SNAPSHOT @ D:\Coding Workspace\angular workspace\CustomerCRUDBackend\pom.xml.
2020-09-04 02:32:24,849 [Worker-241: Updating Maven Project] INFO  o.e.m.j.i.AbstractJavaProjectConfigurator - Adding source folder /CustomerCRUDBackend/src/main/java
2020-09-04 02:32:24,850 [Worker-241: Updating Maven Project] INFO  o.e.m.j.i.AbstractJavaProjectConfigurator - Adding resource folder /CustomerCRUDBackend/src/main/resources
2020-09-04 02:32:24,850 [Worker-241: Updating Maven Project] INFO  o.e.m.j.i.AbstractJavaProjectConfigurator - Adding resource folder /CustomerCRUDBackend/src/main/resources
2020-09-04 02:32:24,850 [Worker-241: Updating Maven Project] INFO  o.e.m.j.i.AbstractJavaProjectConfigurator - Adding source folder /CustomerCRUDBackend/src/test/java
2020-09-04 02:32:25,099 [Worker-241: Updating Maven Project] INFO  o.e.m.c.i.p.ProjectConfigurationManager - Update completed: 1 sec
2020-09-04 02:32:33,036 [Worker-243: Building Workspace] INFO  o.e.m.c.i.embedder.EclipseLogger - Using 'UTF-8' encoding to copy filtered resources.
2020-09-04 02:32:33,036 [Worker-243: Building Workspace] INFO  o.e.m.c.i.embedder.EclipseLogger - Copying 1 resource
2020-09-04 02:32:33,050 [Worker-243: Building Workspace] INFO  o.e.m.c.i.embedder.EclipseLogger - Copying 0 resource
2020-09-04 02:32:33,053 [Worker-243: Building Workspace] INFO  o.e.m.c.i.embedder.EclipseLogger - Using 'UTF-8' encoding to copy filtered resources.
2020-09-04 02:32:33,053 [Worker-243: Building Workspace] INFO  o.e.m.c.i.embedder.EclipseLogger - skip non existing resourceDirectory D:\Coding Workspace\angular workspace\CustomerCRUDBackend\src\test\resources
2020-09-04 02:34:10,115 [Worker-235: Building Workspace] INFO  o.e.m.c.i.embedder.EclipseLogger - Using 'UTF-8' encoding to copy filtered resources.
2020-09-04 02:34:10,118 [Worker-235: Building Workspace] INFO  o.e.m.c.i.embedder.EclipseLogger - Copying 1 resource
2020-09-04 02:34:10,119 [Worker-235: Building Workspace] INFO  o.e.m.c.i.embedder.EclipseLogger - Copying 0 resource
2020-09-04 02:34:10,121 [Worker-235: Building Workspace] INFO  o.e.m.c.i.embedder.EclipseLogger - Using 'UTF-8' encoding to copy filtered resources.
2020-09-04 02:34:10,121 [Worker-235: Building Workspace] INFO  o.e.m.c.i.embedder.EclipseLogger - skip non existing resourceDirectory D:\Coding Workspace\angular workspace\CustomerCRUDBackend\src\test\resources
2020-09-04 03:50:32,624 [Worker-247: Building Workspace] INFO  o.e.m.c.i.embedder.EclipseLogger - Using 'UTF-8' encoding to copy filtered resources.
2020-09-04 03:50:32,629 [Worker-247: Building Workspace] INFO  o.e.m.c.i.embedder.EclipseLogger - Copying 1 resource
2020-09-04 03:50:32,629 [Worker-247: Building Workspace] INFO  o.e.m.c.i.embedder.EclipseLogger - Copying 0 resource
2020-09-04 03:50:32,632 [Worker-247: Building Workspace] INFO  o.e.m.c.i.embedder.EclipseLogger - Using 'UTF-8' encoding to copy filtered resources.
2020-09-04 03:50:32,632 [Worker-247: Building Workspace] INFO  o.e.m.c.i.embedder.EclipseLogger - skip non existing resourceDirectory D:\Coding Workspace\angular workspace\CustomerCRUDBackend\src\test\resources
2020-09-04 03:52:50,594 [Worker-247: Building Workspace] INFO  o.e.m.c.i.embedder.EclipseLogger - Using 'UTF-8' encoding to copy filtered resources.
2020-09-04 03:52:50,595 [Worker-247: Building Workspace] INFO  o.e.m.c.i.embedder.EclipseLogger - Copying 1 resource
2020-09-04 03:52:50,596 [Worker-247: Building Workspace] INFO  o.e.m.c.i.embedder.EclipseLogger - Copying 0 resource
2020-09-04 03:52:50,598 [Worker-247: Building Workspace] INFO  o.e.m.c.i.embedder.EclipseLogger - Using 'UTF-8' encoding to copy filtered resources.
2020-09-04 03:52:50,598 [Worker-247: Building Workspace] INFO  o.e.m.c.i.embedder.EclipseLogger - skip non existing resourceDirectory D:\Coding Workspace\angular workspace\CustomerCRUDBackend\src\test\resources
2020-09-04 04:20:19,620 [Worker-252: Building Workspace] INFO  o.e.m.c.i.embedder.EclipseLogger - Using 'UTF-8' encoding to copy filtered resources.
2020-09-04 04:20:19,621 [Worker-252: Building Workspace] INFO  o.e.m.c.i.embedder.EclipseLogger - Copying 1 resource
2020-09-04 04:20:19,622 [Worker-252: Building Workspace] INFO  o.e.m.c.i.embedder.EclipseLogger - Copying 0 resource
2020-09-04 04:20:19,624 [Worker-252: Building Workspace] INFO  o.e.m.c.i.embedder.EclipseLogger - Using 'UTF-8' encoding to copy filtered resources.
2020-09-04 04:20:19,624 [Worker-252: Building Workspace] INFO  o.e.m.c.i.embedder.EclipseLogger - skip non existing resourceDirectory D:\Coding Workspace\angular workspace\CustomerCRUDBackend\src\test\resources
2020-09-04 04:21:22,503 [Worker-257: Launching CustomerCrudBackendApplication] INFO  o.e.m.c.i.embedder.EclipseLogger - Using 'UTF-8' encoding to copy filtered resources.
2020-09-04 04:21:22,503 [Worker-257: Launching CustomerCrudBackendApplication] INFO  o.e.m.c.i.embedder.EclipseLogger - Copying 1 resource
2020-09-04 04:21:22,505 [Worker-257: Launching CustomerCrudBackendApplication] INFO  o.e.m.c.i.embedder.EclipseLogger - Copying 0 resource
2020-09-04 04:21:22,507 [Worker-257: Launching CustomerCrudBackendApplication] INFO  o.e.m.c.i.embedder.EclipseLogger - Using 'UTF-8' encoding to copy filtered resources.
2020-09-04 04:21:22,507 [Worker-257: Launching CustomerCrudBackendApplication] INFO  o.e.m.c.i.embedder.EclipseLogger - skip non existing resourceDirectory D:\Coding Workspace\angular workspace\CustomerCRUDBackend\src\test\resources
2020-09-04 04:24:30,584 [Worker-262: Building Workspace] INFO  o.e.m.c.i.embedder.EclipseLogger - Using 'UTF-8' encoding to copy filtered resources.
2020-09-04 04:24:30,584 [Worker-262: Building Workspace] INFO  o.e.m.c.i.embedder.EclipseLogger - Copying 1 resource
2020-09-04 04:24:30,585 [Worker-262: Building Workspace] INFO  o.e.m.c.i.embedder.EclipseLogger - Copying 0 resource
2020-09-04 04:24:30,587 [Worker-262: Building Workspace] INFO  o.e.m.c.i.embedder.EclipseLogger - Using 'UTF-8' encoding to copy filtered resources.
2020-09-04 04:24:30,587 [Worker-262: Building Workspace] INFO  o.e.m.c.i.embedder.EclipseLogger - skip non existing resourceDirectory D:\Coding Workspace\angular workspace\CustomerCRUDBackend\src\test\resources
2020-09-05 15:38:53,474 [Worker-511: Launching CustomerCrudBackendApplication] INFO  o.e.m.c.i.embedder.EclipseLogger - Using 'UTF-8' encoding to copy filtered resources.
2020-09-05 15:38:53,480 [Worker-511: Launching CustomerCrudBackendApplication] INFO  o.e.m.c.i.embedder.EclipseLogger - Copying 1 resource
2020-09-05 15:38:53,482 [Worker-511: Launching CustomerCrudBackendApplication] INFO  o.e.m.c.i.embedder.EclipseLogger - Copying 0 resource
2020-09-05 15:38:53,517 [Worker-511: Launching CustomerCrudBackendApplication] INFO  o.e.m.c.i.embedder.EclipseLogger - Using 'UTF-8' encoding to copy filtered resources.
2020-09-05 15:38:53,517 [Worker-511: Launching CustomerCrudBackendApplication] INFO  o.e.m.c.i.embedder.EclipseLogger - skip non existing resourceDirectory D:\Coding Workspace\angular workspace\CustomerCRUDBackend\src\test\resources
2020-09-05 16:52:21,996 [Worker-535: Building Workspace] INFO  o.e.m.c.i.embedder.EclipseLogger - Using 'UTF-8' encoding to copy filtered resources.
2020-09-05 16:52:21,997 [Worker-535: Building Workspace] INFO  o.e.m.c.i.embedder.EclipseLogger - Copying 1 resource
2020-09-05 16:52:21,998 [Worker-535: Building Workspace] INFO  o.e.m.c.i.embedder.EclipseLogger - Copying 0 resource
2020-09-05 16:52:21,999 [Worker-535: Building Workspace] INFO  o.e.m.c.i.embedder.EclipseLogger - Using 'UTF-8' encoding to copy filtered resources.
2020-09-05 16:52:22,000 [Worker-535: Building Workspace] INFO  o.e.m.c.i.embedder.EclipseLogger - skip non existing resourceDirectory D:\Coding Workspace\angular workspace\CustomerCRUDBackend\src\test\resources
